TN:
SF:C:/Users/ARV/Desktop/boris staff/andela/bootcamp challenge/property_pro_lite/app.js
FN:15,(anonymous_0)
FN:20,(anonymous_1)
FN:20,(anonymous_2)
FNF:3
FNH:3
FNDA:10,(anonymous_0)
FNDA:20,(anonymous_1)
FNDA:20,(anonymous_2)
DA:1,1
DA:2,1
DA:3,1
DA:4,1
DA:5,1
DA:6,1
DA:7,1
DA:9,1
DA:11,1
DA:12,1
DA:13,1
DA:15,1
DA:16,10
DA:17,10
DA:19,10
DA:20,20
DA:22,10
DA:23,10
DA:24,10
DA:25,10
DA:26,10
DA:27,10
DA:28,0
DA:32,10
DA:35,0
DA:37,10
DA:40,1
DA:41,1
DA:43,1
LF:29
LH:27
BRDA:16,0,0,10
BRDA:16,0,1,0
BRDA:24,1,0,10
BRDA:24,1,1,0
BRDA:25,2,0,10
BRDA:25,2,1,0
BRDA:27,3,0,0
BRDA:27,3,1,10
BRF:8
BRH:4
end_of_record
TN:
SF:C:/Users/ARV/Desktop/boris staff/andela/bootcamp challenge/property_pro_lite/config.js
FNF:0
FNH:0
DA:1,1
LF:1
LH:1
BRDA:2,0,0,1
BRDA:2,0,1,1
BRF:2
BRH:2
end_of_record
TN:
SF:C:/Users/ARV/Desktop/boris staff/andela/bootcamp challenge/property_pro_lite/api/v1/index.js
FN:5,(anonymous_0)
FNF:1
FNH:1
FNDA:10,(anonymous_0)
DA:1,1
DA:2,1
DA:3,1
DA:5,1
DA:6,10
DA:7,10
DA:8,10
LF:7
LH:7
BRF:0
BRH:0
end_of_record
TN:
SF:C:/Users/ARV/Desktop/boris staff/andela/bootcamp challenge/property_pro_lite/api/v1/controllers/aunthenticationController.js
FN:31,(anonymous_0)
FN:159,(anonymous_1)
FN:165,(anonymous_2)
FNF:3
FNH:3
FNDA:1,(anonymous_0)
FNDA:1,(anonymous_1)
FNDA:1,(anonymous_2)
DA:1,1
DA:13,1
DA:15,1
DA:16,1
DA:17,1
DA:19,1
DA:22,1
DA:24,1
DA:27,1
DA:29,1
DA:30,1
DA:32,1
DA:33,1
DA:43,1
DA:44,1
DA:59,1
DA:73,1
DA:75,1
DA:76,0
DA:78,0
DA:82,0
DA:84,0
DA:88,0
DA:91,0
DA:100,0
DA:103,0
DA:107,0
DA:110,0
DA:114,0
DA:117,0
DA:121,0
DA:124,0
DA:128,0
DA:131,0
DA:135,0
DA:137,0
DA:141,0
DA:144,1
DA:145,1
DA:154,0
DA:160,1
DA:164,1
DA:165,1
DA:166,1
DA:167,0
DA:172,1
DA:173,1
DA:174,0
DA:180,1
DA:181,1
DA:187,0
LF:51
LH:28
BRDA:75,0,0,0
BRDA:75,0,1,1
BRDA:77,1,0,0
BRDA:77,1,1,0
BRDA:77,1,2,0
BRDA:77,1,3,0
BRDA:77,1,4,0
BRDA:77,1,5,0
BRDA:77,1,6,0
BRDA:77,1,7,0
BRDA:77,1,8,0
BRDA:166,2,0,0
BRDA:166,2,1,1
BRDA:173,3,0,0
BRDA:173,3,1,1
BRF:15
BRH:3
end_of_record
TN:
SF:C:/Users/ARV/Desktop/boris staff/andela/bootcamp challenge/property_pro_lite/api/v1/controllers/auth.js
FN:9,WebAuthentication
FN:14,(anonymous_1)
FNF:2
FNH:2
FNDA:4,WebAuthentication
FNDA:4,(anonymous_1)
DA:1,1
DA:2,1
DA:4,1
DA:7,1
DA:9,1
DA:12,4
DA:13,4
DA:14,4
DA:15,4
DA:16,0
DA:21,4
DA:22,4
DA:23,4
DA:26,0
LF:14
LH:12
BRDA:13,0,0,4
BRDA:13,0,1,0
BRDA:15,1,0,0
BRDA:15,1,1,4
BRF:4
BRH:2
end_of_record
TN:
SF:C:/Users/ARV/Desktop/boris staff/andela/bootcamp challenge/property_pro_lite/api/v1/controllers/flagController.js
FN:18,(anonymous_0)
FNF:1
FNH:1
FNDA:1,(anonymous_0)
DA:1,1
DA:10,1
DA:12,1
DA:14,1
DA:16,1
DA:17,1
DA:19,1
DA:20,1
DA:21,1
DA:22,1
DA:30,1
DA:31,1
DA:32,1
DA:34,1
DA:41,0
LF:15
LH:14
BRDA:31,0,0,0
BRDA:31,0,1,1
BRF:2
BRH:1
end_of_record
TN:
SF:C:/Users/ARV/Desktop/boris staff/andela/bootcamp challenge/property_pro_lite/api/v1/controllers/propertyController.js
FN:44,(anonymous_0)
FN:179,(anonymous_1)
FN:186,filterByValue
FN:187,(anonymous_3)
FN:213,(anonymous_4)
FN:217,(anonymous_5)
FN:237,(anonymous_6)
FN:243,(anonymous_7)
FN:262,(anonymous_8)
FN:267,(anonymous_9)
FN:287,(anonymous_10)
FN:295,(anonymous_11)
FN:319,(anonymous_12)
FN:323,(anonymous_13)
FNF:14
FNH:12
FNDA:1,(anonymous_0)
FNDA:2,(anonymous_1)
FNDA:1,filterByValue
FNDA:3,(anonymous_3)
FNDA:1,(anonymous_4)
FNDA:1,(anonymous_5)
FNDA:0,(anonymous_6)
FNDA:0,(anonymous_7)
FNDA:1,(anonymous_8)
FNDA:3,(anonymous_9)
FNDA:1,(anonymous_10)
FNDA:2,(anonymous_11)
FNDA:1,(anonymous_12)
FNDA:2,(anonymous_13)
DA:1,1
DA:31,1
DA:32,1
DA:33,1
DA:34,1
DA:35,1
DA:36,1
DA:37,1
DA:38,1
DA:40,1
DA:43,1
DA:45,1
DA:46,1
DA:47,1
DA:56,1
DA:57,1
DA:75,1
DA:77,1
DA:78,0
DA:80,0
DA:84,0
DA:86,0
DA:90,0
DA:93,0
DA:97,0
DA:100,0
DA:109,0
DA:112,0
DA:116,0
DA:119,0
DA:123,0
DA:126,0
DA:130,0
DA:133,0
DA:137,0
DA:140,0
DA:144,0
DA:146,0
DA:150,0
DA:152,0
DA:156,0
DA:158,0
DA:162,0
DA:165,1
DA:166,1
DA:174,0
DA:180,2
DA:181,2
DA:184,2
DA:185,2
DA:187,1
DA:188,3
DA:189,2
DA:191,1
DA:194,1
DA:196,1
DA:201,1
DA:207,0
DA:214,1
DA:215,1
DA:217,1
DA:219,1
DA:220,0
DA:225,1
DA:231,0
DA:239,0
DA:241,0
DA:242,0
DA:243,0
DA:244,0
DA:245,0
DA:246,0
DA:251,0
DA:256,0
DA:264,1
DA:265,1
DA:266,1
DA:267,3
DA:269,1
DA:270,0
DA:275,1
DA:281,0
DA:288,1
DA:289,1
DA:290,1
DA:293,1
DA:295,2
DA:296,1
DA:297,0
DA:302,1
DA:303,1
DA:304,1
DA:305,1
DA:306,1
DA:307,1
DA:309,1
DA:314,0
DA:320,1
DA:321,1
DA:322,1
DA:323,2
DA:324,1
DA:325,0
DA:330,1
DA:331,1
DA:339,0
LF:106
LH:62
BRDA:77,0,0,0
BRDA:77,0,1,1
BRDA:79,1,0,0
BRDA:79,1,1,0
BRDA:79,1,2,0
BRDA:79,1,3,0
BRDA:79,1,4,0
BRDA:79,1,5,0
BRDA:79,1,6,0
BRDA:79,1,7,0
BRDA:79,1,8,0
BRDA:79,1,9,0
BRDA:79,1,10,0
BRDA:79,1,11,0
BRDA:185,2,0,1
BRDA:185,2,1,1
BRDA:188,3,0,2
BRDA:188,3,1,1
BRDA:219,4,0,0
BRDA:219,4,1,1
BRDA:245,5,0,0
BRDA:245,5,1,0
BRDA:269,6,0,0
BRDA:269,6,1,1
BRDA:295,7,0,2
BRDA:295,7,1,1
BRDA:296,8,0,0
BRDA:296,8,1,1
BRDA:302,9,0,0
BRDA:302,9,1,1
BRDA:303,10,0,0
BRDA:303,10,1,1
BRDA:304,11,0,0
BRDA:304,11,1,1
BRDA:305,12,0,1
BRDA:305,12,1,0
BRDA:306,13,0,1
BRDA:306,13,1,0
BRDA:307,14,0,0
BRDA:307,14,1,1
BRDA:323,15,0,2
BRDA:323,15,1,1
BRDA:324,16,0,0
BRDA:324,16,1,1
BRF:44
BRH:19
end_of_record
TN:
SF:C:/Users/ARV/Desktop/boris staff/andela/bootcamp challenge/property_pro_lite/api/v1/models/auth.js
FNF:0
FNH:0
DA:2,1
DA:35,1
LF:2
LH:2
BRF:0
BRH:0
end_of_record
TN:
SF:C:/Users/ARV/Desktop/boris staff/andela/bootcamp challenge/property_pro_lite/api/v1/models/date.js
FN:21,(anonymous_0)
FNF:1
FNH:1
FNDA:3,(anonymous_0)
DA:1,1
DA:2,1
DA:3,1
DA:6,1
DA:8,1
DA:12,1
DA:13,0
DA:14,0
DA:21,1
DA:22,3
DA:25,1
DA:26,1
DA:27,1
DA:28,1
DA:30,1
LF:15
LH:13
BRDA:6,0,0,1
BRDA:6,0,1,0
BRDA:8,1,0,1
BRDA:8,1,1,0
BRDA:12,2,0,1
BRDA:12,2,1,0
BRDA:13,3,0,0
BRDA:13,3,1,0
BRDA:14,4,0,0
BRDA:14,4,1,0
BRDA:22,5,0,2
BRDA:22,5,1,1
BRF:12
BRH:5
end_of_record
TN:
SF:C:/Users/ARV/Desktop/boris staff/andela/bootcamp challenge/property_pro_lite/api/v1/models/flag.js
FNF:0
FNH:0
DA:2,1
DA:24,1
LF:2
LH:2
BRF:0
BRH:0
end_of_record
TN:
SF:C:/Users/ARV/Desktop/boris staff/andela/bootcamp challenge/property_pro_lite/api/v1/models/property.js
FNF:0
FNH:0
DA:1,1
DA:3,1
DA:19,1
LF:3
LH:3
BRF:0
BRH:0
end_of_record
TN:
SF:C:/Users/ARV/Desktop/boris staff/andela/bootcamp challenge/property_pro_lite/api/v1/routes/auth.js
FNF:0
FNH:0
DA:1,1
DA:2,1
DA:4,1
DA:5,1
DA:7,1
DA:8,1
DA:10,1
LF:7
LH:7
BRF:0
BRH:0
end_of_record
TN:
SF:C:/Users/ARV/Desktop/boris staff/andela/bootcamp challenge/property_pro_lite/api/v1/routes/flag.js
FNF:0
FNH:0
DA:1,1
DA:2,1
DA:3,1
DA:4,1
DA:6,1
DA:9,1
LF:6
LH:6
BRF:0
BRH:0
end_of_record
TN:
SF:C:/Users/ARV/Desktop/boris staff/andela/bootcamp challenge/property_pro_lite/api/v1/routes/property.js
FNF:0
FNH:0
DA:1,1
DA:2,1
DA:3,1
DA:4,1
DA:6,1
DA:7,1
DA:8,1
DA:9,1
DA:10,1
DA:11,1
DA:13,1
DA:15,1
DA:17,1
LF:13
LH:13
BRF:0
BRH:0
end_of_record
